Using pre-set license
Built from '2020.3/staging' branch; Version is '2020.3.0f1 (c7b5465681fb) revision 13088070'; Using compiler version '192528614'; Build Type 'Release'
OS: 'Windows 10 Home; OS build 19042.1466; Version 2009; 64bit' Language: 'pt' Physical Memory: 32716 MB
BatchMode: 1, IsHumanControllingUs: 0, StartBugReporterOnCrash: 0, Is64bit: 1, IsPro: 0

 COMMAND LINE ARGUMENTS:
C:\Program Files\Unity\Hub\Editor\2020.3.0f1\Editor\Unity.exe
-adb2
-batchMode
-noUpm
-name
AssetImportWorker0
-projectPath
C:/Users/vitor/Desktop/VT/GameDev/Unity/Projetos/GitHub/GGJam-2022/Forças
-logFile
Logs/AssetImportWorker0.log
-srvPort
62379
Successfully changed project path to: C:/Users/vitor/Desktop/VT/GameDev/Unity/Projetos/GitHub/GGJam-2022/Forças
C:/Users/vitor/Desktop/VT/GameDev/Unity/Projetos/GitHub/GGJam-2022/Forças
Using Asset Import Pipeline V2.
Refreshing native plugins compatible for Editor in 32.00 ms, found 1 plugins.
Preloading 0 native plugins for Editor in 0.00 ms.
Initialize engine version: 2020.3.0f1 (c7b5465681fb)
[Subsystems] Discovering subsystems at path C:/Program Files/Unity/Hub/Editor/2020.3.0f1/Editor/Data/Resources/UnitySubsystems
[Subsystems] Discovering subsystems at path C:/Users/vitor/Desktop/VT/GameDev/Unity/Projetos/GitHub/GGJam-2022/Forças/Assets
GfxDevice: creating device client; threaded=0
Direct3D:
    Version:  Direct3D 11.0 [level 11.1]
    Renderer: NVIDIA GeForce GTX 1080 (ID=0x1b80)
    Vendor:   
    VRAM:     8079 MB
    Driver:   30.0.15.1123
Initialize mono
Mono path[0] = 'C:/Program Files/Unity/Hub/Editor/2020.3.0f1/Editor/Data/Managed'
Mono path[1] = 'C:/Program Files/Unity/Hub/Editor/2020.3.0f1/Editor/Data/MonoBleedingEdge/lib/mono/unityjit'
Mono config path = 'C:/Program Files/Unity/Hub/Editor/2020.3.0f1/Editor/Data/MonoBleedingEdge/etc'
Using monoOptions --debugger-agent=transport=dt_socket,embedding=1,server=y,suspend=n,address=127.0.0.1:56960
Begin MonoManager ReloadAssembly
Registering precompiled unity dll's ...
Register platform support module: C:/Program Files/Unity/Hub/Editor/2020.3.0f1/Editor/Data/PlaybackEngines/WebGLSupport/UnityEditor.WebGL.Extensions.dll
Register platform support module: C:/Program Files/Unity/Hub/Editor/2020.3.0f1/Editor/Data/PlaybackEngines/WindowsStandaloneSupport/UnityEditor.WindowsStandalone.Extensions.dll
Registered in 0.003677 seconds.
Native extension for WindowsStandalone target not found
Native extension for WebGL target not found
Refreshing native plugins compatible for Editor in 31.86 ms, found 1 plugins.
Preloading 0 native plugins for Editor in 0.00 ms.
Invoked RoslynAnalysisRunner static constructor.
RoslynAnalysisRunner will not be running.
RoslynAnalysisRunner has terminated.
Mono: successfully reloaded assembly
- Completed reload, in  2.098 seconds
Platform modules already initialized, skipping
Registering precompiled user dll's ...
Registered in 0.001244 seconds.
Begin MonoManager ReloadAssembly
Native extension for WindowsStandalone target not found
Native extension for WebGL target not found
Refreshing native plugins compatible for Editor in 39.77 ms, found 1 plugins.
Preloading 0 native plugins for Editor in 0.00 ms.
Invoked RoslynAnalysisRunner static constructor.
RoslynAnalysisRunner will not be running.
RoslynAnalysisRunner has terminated.
Mono: successfully reloaded assembly
- Completed reload, in  0.988 seconds
Platform modules already initialized, skipping
========================================================================
Worker process is ready to serve import requests
Launched and connected shader compiler UnityShaderCompiler.exe after 0.06 seconds
Refreshing native plugins compatible for Editor in 0.38 ms, found 1 plugins.
Preloading 0 native plugins for Editor in 0.00 ms.
Unloading 1806 Unused Serialized files (Serialized files now loaded: 0)
System memory in use before: 85.1 MB.
System memory in use after: 85.0 MB.

Unloading 24 unused Assets to reduce memory usage. Loaded Objects now: 2248.
Total: 2.568400 ms (FindLiveObjects: 0.204300 ms CreateObjectMapping: 0.063700 ms MarkObjects: 2.150500 ms  DeleteObjects: 0.148800 ms)

========================================================================
Received Import Request.
  path: Assets/Scenes/SampleScene.unity
  artifactKey: Guid(2cda990e2423bbf4892e6590ba056729) Importer(815301076,1909f56bfc062723c751e8b465ee728b)
Start importing Assets/Scenes/SampleScene.unity using Guid(2cda990e2423bbf4892e6590ba056729) Importer(815301076,1909f56bfc062723c751e8b465ee728b)  -> (artifact id: '4277dab6a28e8e1d23739f05f438b540') in 0.019747 seconds
  Import took 0.023793 seconds .

========================================================================
Received Prepare
Registering precompiled user dll's ...
Registered in 0.007088 seconds.
Begin MonoManager ReloadAssembly
Native extension for WindowsStandalone target not found
Native extension for WebGL target not found
Refreshing native plugins compatible for Editor in 49.99 ms, found 1 plugins.
Preloading 0 native plugins for Editor in 0.00 ms.
Invoked RoslynAnalysisRunner static constructor.
RoslynAnalysisRunner will not be running.
RoslynAnalysisRunner has terminated.
Mono: successfully reloaded assembly
- Completed reload, in  1.158 seconds
Platform modules already initialized, skipping
Shader 'Universal Render Pipeline/Nature/SpeedTree7': dependency 'BillboardShader' shader 'Universal Render Pipeline/Nature/SpeedTree7 Billboard' not found
Shader 'Universal Render Pipeline/Baked Lit': fallback shader 'Universal Render Pipeline/Unlit' not found
Shader 'Universal Render Pipeline/Simple Lit': fallback shader 'Hidden/Universal Render Pipeline/FallbackError' not found
Shader 'Universal Render Pipeline/Terrain/Lit': fallback shader 'Hidden/Universal Render Pipeline/FallbackError' not found
Shader 'Universal Render Pipeline/Terrain/Lit': dependency 'AddPassShader' shader 'Hidden/Universal Render Pipeline/Terrain/Lit (Add Pass)' not found
Shader 'Universal Render Pipeline/Terrain/Lit': dependency 'BaseMapShader' shader 'Hidden/Universal Render Pipeline/Terrain/Lit (Base Pass)' not found
Shader 'Universal Render Pipeline/Terrain/Lit': dependency 'BaseMapGenShader' shader 'Hidden/Universal Render Pipeline/Terrain/Lit (Basemap Gen)' not found
Shader 'Hidden/Universal Render Pipeline/Terrain/Lit (Add Pass)': fallback shader 'Hidden/Universal Render Pipeline/FallbackError' not found
Shader 'Hidden/Universal Render Pipeline/Terrain/Lit (Base Pass)': fallback shader 'Hidden/Universal Render Pipeline/FallbackError' not found
Shader 'Universal Render Pipeline/Particles/Lit': fallback shader 'Universal Render Pipeline/Particles/SimpleLit' not found
Shader 'Universal Render Pipeline/Particles/Lit': fallback shader 'Universal Render Pipeline/Particles/SimpleLit' not found
Refreshing native plugins compatible for Editor in 0.55 ms, found 1 plugins.
Preloading 0 native plugins for Editor in 0.00 ms.
Unloading 2894 Unused Serialized files (Serialized files now loaded: 0)
System memory in use before: 123.2 MB.
System memory in use after: 119.7 MB.

Unloading 69 unused Assets to reduce memory usage. Loaded Objects now: 3288.
Total: 5.022300 ms (FindLiveObjects: 0.371100 ms CreateObjectMapping: 0.238700 ms MarkObjects: 2.492300 ms  DeleteObjects: 1.919100 ms)

========================================================================
Received Import Request.
  Time since last request: 200.755960 seconds.
  path: Assets
  artifactKey: Guid(00000000000000001000000000000000) Importer(815301076,1909f56bfc062723c751e8b465ee728b)
Start importing Assets using Guid(00000000000000001000000000000000) Importer(815301076,1909f56bfc062723c751e8b465ee728b)  -> (artifact id: '42baae205c97e3337697759514652acd') in 0.016175 seconds
  Import took 0.021551 seconds .

========================================================================
Received Import Request.
  Time since last request: 11.890330 seconds.
  path: Assets/URP
  artifactKey: Guid(1673d082bf7473d44928de2271cf0a4c) Importer(815301076,1909f56bfc062723c751e8b465ee728b)
Start importing Assets/URP using Guid(1673d082bf7473d44928de2271cf0a4c) Importer(815301076,1909f56bfc062723c751e8b465ee728b)  -> (artifact id: '04ac072495c7d92aed3e3c568ee076e0') in 0.011059 seconds
  Import took 0.017400 seconds .

========================================================================
Received Import Request.
  Time since last request: 0.000476 seconds.
  path: Assets/URP
  artifactKey: Guid(1673d082bf7473d44928de2271cf0a4c) Importer(815301076,1909f56bfc062723c751e8b465ee728b)
Start importing Assets/URP using Guid(1673d082bf7473d44928de2271cf0a4c) Importer(815301076,1909f56bfc062723c751e8b465ee728b)  -> (artifact id: '04ac072495c7d92aed3e3c568ee076e0') in 0.008249 seconds
  Import took 0.014238 seconds .

========================================================================
Received Import Request.
  Time since last request: 16.378252 seconds.
  path: Assets/URP/UniversalRenderPipelineAsset_Renderer.asset
  artifactKey: Guid(0148ed9aa73846448afff9e097e6a0a3) Importer(815301076,1909f56bfc062723c751e8b465ee728b)
Start importing Assets/URP/UniversalRenderPipelineAsset_Renderer.asset using Guid(0148ed9aa73846448afff9e097e6a0a3) Importer(815301076,1909f56bfc062723c751e8b465ee728b)  -> (artifact id: '635baae33012b54cdf190cb4470668e4') in 0.094466 seconds
  Import took 0.101139 seconds .

========================================================================
Received Import Request.
  Time since last request: 37.117371 seconds.
  path: Assets/URP/New 2D Renderer Data.asset
  artifactKey: Guid(6df0169805c36a5488b14d9ec2ae0d7d) Importer(815301076,1909f56bfc062723c751e8b465ee728b)
Start importing Assets/URP/New 2D Renderer Data.asset using Guid(6df0169805c36a5488b14d9ec2ae0d7d) Importer(815301076,1909f56bfc062723c751e8b465ee728b)  -> (artifact id: '9cee279a64181c489815d72d51651192') in 0.056421 seconds
  Import took 0.062927 seconds .

========================================================================
Received Import Request.
  Time since last request: 36.691986 seconds.
  path: Assets/URP/UniversalRenderPipelineAsset.asset
  artifactKey: Guid(b8912a60865536044b8a06e5eafc3346) Importer(815301076,1909f56bfc062723c751e8b465ee728b)
Start importing Assets/URP/UniversalRenderPipelineAsset.asset using Guid(b8912a60865536044b8a06e5eafc3346) Importer(815301076,1909f56bfc062723c751e8b465ee728b)  -> (artifact id: '947e0f069b0ee44f807e3aafec59ba6d') in 0.011671 seconds
  Import took 0.017096 seconds .

========================================================================
Received Prepare
Switching render pipeline 00000000000000000000000000000000 -> b8912a60865536044b8a06e5eafc3346
Shader 'Universal Render Pipeline/Particles/Lit': fallback shader 'Universal Render Pipeline/Particles/SimpleLit' not found
Shader 'Universal Render Pipeline/Particles/Lit': fallback shader 'Universal Render Pipeline/Particles/SimpleLit' not found
Refreshing native plugins compatible for Editor in 2.91 ms, found 1 plugins.
Preloading 0 native plugins for Editor in 0.00 ms.
Unloading 68 Unused Serialized files (Serialized files now loaded: 0)
System memory in use before: 67.0 MB.
System memory in use after: 63.4 MB.

Unloading 67 unused Assets to reduce memory usage. Loaded Objects now: 3289.
Total: 4.644600 ms (FindLiveObjects: 0.258800 ms CreateObjectMapping: 0.106100 ms MarkObjects: 2.334400 ms  DeleteObjects: 1.944400 ms)

AssetImportParameters requested are different than current active one (requested -> active):
  custom:srp/default-shader: 0000e00a000e0de00000e000e02d0000 -> 0000e00a000e0de00000e000e0000000
========================================================================
Received Import Request.
  Time since last request: 157.009534 seconds.
  path: Assets/URP/2D Renderer Data.asset
  artifactKey: Guid(6df0169805c36a5488b14d9ec2ae0d7d) Importer(815301076,1909f56bfc062723c751e8b465ee728b)
Start importing Assets/URP/2D Renderer Data.asset using Guid(6df0169805c36a5488b14d9ec2ae0d7d) Importer(815301076,1909f56bfc062723c751e8b465ee728b)  -> (artifact id: '13bc53a17841ab31cf404cf064c2ddf5') in 0.038832 seconds
  Import took 0.046725 seconds .

========================================================================
Received Import Request.
  Time since last request: 1.787579 seconds.
  path: Assets/Scenes/SampleScene.unity
  artifactKey: Guid(2cda990e2423bbf4892e6590ba056729) Importer(815301076,1909f56bfc062723c751e8b465ee728b)
Start importing Assets/Scenes/SampleScene.unity using Guid(2cda990e2423bbf4892e6590ba056729) Importer(815301076,1909f56bfc062723c751e8b465ee728b)  -> (artifact id: 'b191f2165e265dd99dad87d38d4ab2ce') in 0.010659 seconds
  Import took 0.015525 seconds .

========================================================================
Received Import Request.
  Time since last request: 5.289603 seconds.
  path: Assets/Scenes/Play.unity
  artifactKey: Guid(2cda990e2423bbf4892e6590ba056729) Importer(815301076,1909f56bfc062723c751e8b465ee728b)
Start importing Assets/Scenes/Play.unity using Guid(2cda990e2423bbf4892e6590ba056729) Importer(815301076,1909f56bfc062723c751e8b465ee728b)  -> (artifact id: 'f0ed85d716a51648e11a36e01e48a791') in 0.013040 seconds
  Import took 0.020032 seconds .

========================================================================
Received Prepare
Registering precompiled user dll's ...
Registered in 0.003514 seconds.
Begin MonoManager ReloadAssembly
Native extension for WindowsStandalone target not found
Native extension for WebGL target not found
Refreshing native plugins compatible for Editor in 1.13 ms, found 1 plugins.
Preloading 0 native plugins for Editor in 0.00 ms.
Invalid AssetDatabase path: /Editor/EditorResources/cm_logo_sm.png. Use path relative to the project folder.
UnityEngine.StackTraceUtility:ExtractStackTrace ()
UnityEditor.AssetDatabase:LoadAssetAtPath<UnityEngine.Texture2D> (string)
Cinemachine.Editor.CinemachineSettings:get_CinemachineLogoTexture () (at Library/PackageCache/com.unity.cinemachine@2.6.11/Editor/Windows/CinemachineSettings.cs:205)
Cinemachine.Editor.CinemachineSettings:.cctor () (at Library/PackageCache/com.unity.cinemachine@2.6.11/Editor/Windows/CinemachineSettings.cs:237)
Cinemachine.CinemachineColliderPrefs:.cctor () (at Library/PackageCache/com.unity.cinemachine@2.6.11/Editor/Windows/CinemachineColliderPrefs.cs:61)
System.Runtime.CompilerServices.RuntimeHelpers:RunClassConstructor (System.RuntimeTypeHandle)
UnityEditor.EditorAssemblies:ProcessInitializeOnLoadAttributes (System.Type[])

[Library/PackageCache/com.unity.cinemachine@2.6.11/Editor/Windows/CinemachineSettings.cs line 205]

Invoked RoslynAnalysisRunner static constructor.
RoslynAnalysisRunner will not be running.
RoslynAnalysisRunner has terminated.
Mono: successfully reloaded assembly
- Completed reload, in  1.098 seconds
Platform modules already initialized, skipping
Shader 'Universal Render Pipeline/Particles/Lit': fallback shader 'Universal Render Pipeline/Particles/SimpleLit' not found
Shader 'Universal Render Pipeline/Particles/Lit': fallback shader 'Universal Render Pipeline/Particles/SimpleLit' not found
Refreshing native plugins compatible for Editor in 1.20 ms, found 1 plugins.
Preloading 0 native plugins for Editor in 0.00 ms.
Unloading 3039 Unused Serialized files (Serialized files now loaded: 0)
System memory in use before: 128.2 MB.
System memory in use after: 124.9 MB.

Unloading 68 unused Assets to reduce memory usage. Loaded Objects now: 3441.
Total: 4.718400 ms (FindLiveObjects: 0.390900 ms CreateObjectMapping: 0.290100 ms MarkObjects: 2.241900 ms  DeleteObjects: 1.794500 ms)

AssetImportParameters requested are different than current active one (requested -> active):
  custom:srp/default-shader: 0000e00a000e0de00000e000e02d0000 -> 0000e00a000e0de00000e000e0000000
========================================================================
Received Prepare
Registering precompiled user dll's ...
Registered in 0.002262 seconds.
Begin MonoManager ReloadAssembly
Native extension for WindowsStandalone target not found
Native extension for WebGL target not found
Refreshing native plugins compatible for Editor in 0.61 ms, found 1 plugins.
Preloading 0 native plugins for Editor in 0.00 ms.
Invoked RoslynAnalysisRunner static constructor.
RoslynAnalysisRunner will not be running.
RoslynAnalysisRunner has terminated.
Mono: successfully reloaded assembly
- Completed reload, in  1.013 seconds
Platform modules already initialized, skipping
Shader 'Universal Render Pipeline/Particles/Lit': fallback shader 'Universal Render Pipeline/Particles/SimpleLit' not found
Shader 'Universal Render Pipeline/Particles/Lit': fallback shader 'Universal Render Pipeline/Particles/SimpleLit' not found
Refreshing native plugins compatible for Editor in 1.03 ms, found 1 plugins.
Preloading 0 native plugins for Editor in 0.00 ms.
Unloading 3040 Unused Serialized files (Serialized files now loaded: 0)
System memory in use before: 128.4 MB.
System memory in use after: 125.1 MB.

Unloading 69 unused Assets to reduce memory usage. Loaded Objects now: 3446.
Total: 5.006600 ms (FindLiveObjects: 0.433200 ms CreateObjectMapping: 0.396700 ms MarkObjects: 2.235300 ms  DeleteObjects: 1.940400 ms)

AssetImportParameters requested are different than current active one (requested -> active):
  custom:srp/default-shader: 0000e00a000e0de00000e000e02d0000 -> 0000e00a000e0de00000e000e0000000
========================================================================
Received Import Request.
  Time since last request: 405.223281 seconds.
  path: Assets/Scenes/Play.unity
  artifactKey: Guid(2cda990e2423bbf4892e6590ba056729) Importer(815301076,1909f56bfc062723c751e8b465ee728b)
Start importing Assets/Scenes/Play.unity using Guid(2cda990e2423bbf4892e6590ba056729) Importer(815301076,1909f56bfc062723c751e8b465ee728b)  -> (artifact id: '299a87ef229b18a8cadbebe409056d8b') in 0.020937 seconds
  Import took 0.026996 seconds .

========================================================================
Received Import Request.
  Time since last request: 2.541230 seconds.
  path: Assets/Scenes
  artifactKey: Guid(e69c2a1cc15ae924f92af62f7ae3b60d) Importer(815301076,1909f56bfc062723c751e8b465ee728b)
Start importing Assets/Scenes using Guid(e69c2a1cc15ae924f92af62f7ae3b60d) Importer(815301076,1909f56bfc062723c751e8b465ee728b)  -> (artifact id: 'a99ea9a4eaf32a97d3546284d387e8b9') in 0.009495 seconds
  Import took 0.014898 seconds .

========================================================================
Received Import Request.
  Time since last request: 11.092507 seconds.
  path: Assets/Scenes/MainMenu.unity
  artifactKey: Guid(14a13e964200c9a4f9ddfec3db0ac43b) Importer(815301076,1909f56bfc062723c751e8b465ee728b)
Start importing Assets/Scenes/MainMenu.unity using Guid(14a13e964200c9a4f9ddfec3db0ac43b) Importer(815301076,1909f56bfc062723c751e8b465ee728b)  -> (artifact id: '997a42cdc9660035893cb37be81b4ce2') in 0.010852 seconds
  Import took 0.017040 seconds .

